0 info it worked if it ends with ok
1 verbose cli [ 'node', '/usr/local/bin/npm', 'install' ]
2 info using npm@1.4.28
3 info using node@v0.10.32
4 verbose readDependencies using package.json deps
5 verbose install where, deps [ '/Users/borgaard/Desktop/meinflat/non-flat-rpg',
5 verbose install   [ 'simple-ansi', 'keypress' ] ]
6 info preinstall non-flat-rpg@1.0.0
7 warn package.json readline@0.0.7 readline is also the name of a node core module.
8 verbose readDependencies using package.json deps
9 verbose cache add [ 'simple-ansi@^0.3.0', null ]
10 verbose cache add name=undefined spec="simple-ansi@^0.3.0" args=["simple-ansi@^0.3.0",null]
11 verbose parsed url { protocol: null,
11 verbose parsed url   slashes: null,
11 verbose parsed url   auth: null,
11 verbose parsed url   host: null,
11 verbose parsed url   port: null,
11 verbose parsed url   hostname: null,
11 verbose parsed url   hash: null,
11 verbose parsed url   search: null,
11 verbose parsed url   query: null,
11 verbose parsed url   pathname: 'simple-ansi@^0.3.0',
11 verbose parsed url   path: 'simple-ansi@^0.3.0',
11 verbose parsed url   href: 'simple-ansi@^0.3.0' }
12 verbose already installed skipping keypress@^0.2.1 /Users/borgaard/Desktop/meinflat/non-flat-rpg
13 verbose cache add name="simple-ansi" spec="^0.3.0" args=["simple-ansi","^0.3.0"]
14 verbose parsed url { protocol: null,
14 verbose parsed url   slashes: null,
14 verbose parsed url   auth: null,
14 verbose parsed url   host: null,
14 verbose parsed url   port: null,
14 verbose parsed url   hostname: null,
14 verbose parsed url   hash: null,
14 verbose parsed url   search: null,
14 verbose parsed url   query: null,
14 verbose parsed url   pathname: '^0.3.0',
14 verbose parsed url   path: '^0.3.0',
14 verbose parsed url   href: '^0.3.0' }
15 verbose addNamed [ 'simple-ansi', '^0.3.0' ]
16 verbose addNamed [ null, '>=0.3.0-0 <0.4.0-0' ]
17 silly lockFile fa05a816-simple-ansi-0-3-0 simple-ansi@^0.3.0
18 verbose lock simple-ansi@^0.3.0 /Users/borgaard/.npm/fa05a816-simple-ansi-0-3-0.lock
19 silly addNameRange { name: 'simple-ansi',
19 silly addNameRange   range: '>=0.3.0-0 <0.4.0-0',
19 silly addNameRange   hasData: false }
20 verbose request where is /simple-ansi
21 verbose request registry https://registry.npmjs.org/
22 verbose request id ce9bca733de42d4f
23 verbose url raw /simple-ansi
24 verbose url resolving [ 'https://registry.npmjs.org/', './simple-ansi' ]
25 verbose url resolved https://registry.npmjs.org/simple-ansi
26 verbose request where is https://registry.npmjs.org/simple-ansi
27 info trying registry request attempt 1 at 22:08:38
28 verbose etag "38NSAC0ZH6RBFD3YU95BEDAZ9"
29 http GET https://registry.npmjs.org/simple-ansi
30 http 304 https://registry.npmjs.org/simple-ansi
31 silly registry.get cb [ 304,
31 silly registry.get   { date: 'Wed, 21 Jan 2015 06:08:24 GMT',
31 silly registry.get     server: 'Apache',
31 silly registry.get     via: '1.1 varnish',
31 silly registry.get     'last-modified': 'Wed, 21 Jan 2015 06:08:24 GMT',
31 silly registry.get     'cache-control': 'max-age=60',
31 silly registry.get     etag: '"38NSAC0ZH6RBFD3YU95BEDAZ9"',
31 silly registry.get     age: '33',
31 silly registry.get     'x-served-by': 'cache-sjc3133-SJC',
31 silly registry.get     'x-cache': 'HIT',
31 silly registry.get     'x-cache-hits': '1',
31 silly registry.get     'x-timer': 'S1421820504.783567,VS0,VE0',
31 silly registry.get     vary: 'Accept',
31 silly registry.get     'content-length': '0',
31 silly registry.get     'keep-alive': 'timeout=10, max=50',
31 silly registry.get     connection: 'Keep-Alive' } ]
32 verbose etag https://registry.npmjs.org/simple-ansi from cache
33 silly addNameRange number 2 { name: 'simple-ansi',
33 silly addNameRange   range: '>=0.3.0-0 <0.4.0-0',
33 silly addNameRange   hasData: true }
34 silly addNameRange versions [ 'simple-ansi', [ '0.0.1' ] ]
35 silly lockFile fa05a816-simple-ansi-0-3-0 simple-ansi@^0.3.0
36 silly lockFile fa05a816-simple-ansi-0-3-0 simple-ansi@^0.3.0
37 error notarget No compatible version found: simple-ansi@'>=0.3.0-0 <0.4.0-0'
37 error notarget Valid install targets:
37 error notarget ["0.0.1"]
37 error notarget
37 error notarget This is most likely not a problem with npm itself.
37 error notarget In most cases you or one of your dependencies are requesting
37 error notarget a package version that doesn't exist.
38 error System Darwin 13.3.0
39 error command "node" "/usr/local/bin/npm" "install"
40 error cwd /Users/borgaard/Desktop/meinflat/non-flat-rpg
41 error node -v v0.10.32
42 error npm -v 1.4.28
43 error code ETARGET
44 verbose exit [ 1, true ]
